#
# There is insufficient memory for the Java Runtime Environment to continue.
# Native memory allocation (malloc) failed to allocate 262160 bytes for Chunk::new
# Possible reasons:
#   The system is out of physical RAM or swap space
#   In 32 bit mode, the process size limit was hit
# Possible solutions:
#   Reduce memory load on the system
#   Increase physical memory or swap space
#   Check if swap backing store is full
#   Use 64 bit Java on a 64 bit OS
#   Decrease Java heap size (-Xmx/-Xms)
#   Decrease number of Java threads
#   Decrease Java thread stack sizes (-Xss)
#   Set larger code cache with -XX:ReservedCodeCacheSize=
# This output file may be truncated or incomplete.
#
#  Out of Memory Error (allocation.cpp:390), pid=10256, tid=0x0000000000003164
#
# JRE version: OpenJDK Runtime Environment (8.0_112-b06) (build 1.8.0_112-release-b06)
# Java VM: OpenJDK 64-Bit Server VM (25.112-b06 mixed mode windows-amd64 compressed oops)
# Failed to write core dump. Minidumps are not enabled by default on client versions of Windows
#

---------------  T H R E A D  ---------------

Current thread (0x0000000015869000):  JavaThread "C2 CompilerThread0" daemon [_thread_in_native, id=12644, stack(0x0000000016e90000,0x0000000016f90000)]

Stack: [0x0000000016e90000,0x0000000016f90000]
[error occurred during error reporting (printing stack bounds), id 0xc0000005]

Native frames: (J=compiled Java code, j=interpreted, Vv=VM code, C=native code)


Current CompileTask:
C2:  39522 1484       4       java.net.URLClassLoader$1::run (5 bytes)


---------------  P R O C E S S  ---------------

Java Threads: ( => current thread )
  0x0000000018adb800 JavaThread "Stdin handler" [_thread_blocked, id=16032, stack(0x000000001a030000,0x000000001a130000)]
  0x0000000018ada800 JavaThread "Asynchronous log dispatcher for org.gradle.launcher.daemon.server.DefaultDaemonConnection@3716c8aa" [_thread_blocked, id=15364, stack(0x0000000019df0000,0x0000000019ef0000)]
  0x0000000018742000 JavaThread "Daemon worker" [_thread_in_vm, id=17276, stack(0x0000000019bc0000,0x0000000019cc0000)]
  0x0000000018741000 JavaThread "Cancel handler" [_thread_blocked, id=16312, stack(0x0000000019ac0000,0x0000000019bc0000)]
  0x0000000017a96800 JavaThread "Handler for socket connection from /127.0.0.1:54591 to /127.0.0.1:54592" [_thread_in_native, id=10328, stack(0x00000000199c0000,0x0000000019ac0000)]
  0x00000000184a6000 JavaThread "Daemon" [_thread_blocked, id=2260, stack(0x00000000198c0000,0x00000000199c0000)]
  0x00000000184a3000 JavaThread "pool-1-thread-1" [_thread_blocked, id=10064, stack(0x00000000197c0000,0x00000000198c0000)]
  0x00000000184af800 JavaThread "Incoming local TCP Connector on port 54591" [_thread_in_native, id=3020, stack(0x0000000019390000,0x0000000019490000)]
  0x00000000171ff800 JavaThread "Service Thread" daemon [_thread_blocked, id=9624, stack(0x0000000017590000,0x0000000017690000)]
  0x0000000015874000 JavaThread "C1 CompilerThread2" daemon [_thread_blocked, id=13644, stack(0x0000000017090000,0x0000000017190000)]
  0x000000001586d000 JavaThread "C2 CompilerThread1" daemon [_thread_blocked, id=13480, stack(0x0000000016f90000,0x0000000017090000)]
=>0x0000000015869000 JavaThread "C2 CompilerThread0" daemon [_thread_in_native, id=12644, stack(0x0000000016e90000,0x0000000016f90000)]
  0x0000000015867800 JavaThread "Attach Listener" daemon [_thread_blocked, id=10264, stack(0x0000000016d90000,0x0000000016e90000)]
  0x0000000015816800 JavaThread "Signal Dispatcher" daemon [_thread_blocked, id=15836, stack(0x0000000016c90000,0x0000000016d90000)]
  0x0000000015808800 JavaThread "Finalizer" daemon [_thread_blocked, id=9736, stack(0x0000000016aa0000,0x0000000016ba0000)]
  0x0000000003141000 JavaThread "Reference Handler" daemon [_thread_blocked, id=9540, stack(0x00000000169a0000,0x0000000016aa0000)]
  0x00000000017ae000 JavaThread "main" [_thread_blocked, id=8548, stack(0x0000000002f50000,0x0000000003050000)]

Other Threads:
  0x00000000157e6800 VMThread [stack: 0x00000000168a0000,0x00000000169a0000] [id=13992]
  0x0000000017203800 WatcherThread [stack: 0x0000000017690000,0x0000000017790000] [id=13888]

VM state:not at safepoint (normal execution)

VM Mutex/Monitor currently owned by a thread: None

Heap:
 PSYoungGen      total 18944K, used 6033K [0x00000000eab00000, 0x00000000ec900000, 0x0000000100000000)
  eden space 16384K, 21% used [0x00000000eab00000,0x00000000eae67140,0x00000000ebb00000)
  from space 2560K, 99% used [0x00000000ebb00000,0x00000000ebd7d400,0x00000000ebd80000)
  to   space 7168K, 0% used [0x00000000ec200000,0x00000000ec200000,0x00000000ec900000)
 ParOldGen       total 44032K, used 7777K [0x00000000c0000000, 0x00000000c2b00000, 0x00000000eab00000)
  object space 44032K, 17% used [0x00000000c0000000,0x00000000c0798748,0x00000000c2b00000)
 Metaspace       used 16865K, capacity 17214K, committed 17536K, reserved 1064960K
  class space    used 2199K, capacity 2327K, committed 2432K, reserved 1048576K

Card table byte_map: [0x0000000012510000,0x0000000012720000] byte_map_base: 0x0000000011f10000

Marking Bits: (ParMarkBitMap*) 0x0000000065e418f0
 Begin Bits: [0x0000000012c80000, 0x0000000013c80000)
 End Bits:   [0x0000000013c80000, 0x0000000014c80000)

Polling page: 0x0000000001200000

CodeCache: size=245760Kb used=4711Kb max_used=4721Kb free=241049Kb
 bounds [0x0000000003150000, 0x0000000003600000, 0x0000000012150000]
 total_blobs=1763 nmethods=1386 adapters=289
 compilation: enabled

Compilation events (10 events):
Event: 39.326 Thread 0x0000000015874000 1479       1       com.google.common.collect.ImmutableMapEntry$TerminalEntry::getNextInKeyBucket (2 bytes)
Event: 39.326 Thread 0x0000000015874000 nmethod 1479 0x00000000035e8c90 code [0x00000000035e8de0, 0x00000000035e8ef0]
Event: 39.334 Thread 0x000000001586d000 nmethod 1456% 0x00000000035ecbd0 code [0x00000000035ece60, 0x00000000035ede90]
Event: 39.343 Thread 0x0000000015869000 1482   !   4       java.net.URLClassLoader::findClass (47 bytes)
Event: 39.345 Thread 0x0000000015869000 nmethod 1482 0x00000000035e9850 code [0x00000000035e99e0, 0x00000000035e9bd8]
Event: 39.408 Thread 0x000000001586d000 1483       4       java.util.zip.ZipCoder::getBytes (192 bytes)
Event: 39.414 Thread 0x000000001586d000 nmethod 1483 0x00000000035eaa50 code [0x00000000035eabe0, 0x00000000035eb1f8]
Event: 39.427 Thread 0x0000000015869000 1484       4       java.net.URLClassLoader$1::run (5 bytes)
Event: 39.453 Thread 0x0000000015874000 1485       3       sun.reflect.ReflectionFactory::checkInitted (19 bytes)
Event: 39.453 Thread 0x0000000015874000 nmethod 1485 0x00000000035e90d0 code [0x00000000035e9240, 0x00000000035e9508]

GC Heap History (10 events):
Event: 3.292 GC heap before
{Heap before GC invocations=1 (full 0):
 PSYoungGen      total 18944K, used 16384K [0x00000000eab00000, 0x00000000ec000000, 0x0000000100000000)
  eden space 16384K, 100% used [0x00000000eab00000,0x00000000ebb00000,0x00000000ebb00000)
  from space 2560K, 0% used [0x00000000ebd80000,0x00000000ebd80000,0x00000000ec000000)
  to   space 2560K, 0% used [0x00000000ebb00000,0x00000000ebb00000,0x00000000ebd80000)
 ParOldGen       total 44032K, used 0K [0x00000000c0000000, 0x00000000c2b00000, 0x00000000eab00000)
  object space 44032K, 0% used [0x00000000c0000000,0x00000000c0000000,0x00000000c2b00000)
 Metaspace       used 5931K, capacity 6200K, committed 6528K, reserved 1056768K
  class space    used 745K, capacity 792K, committed 896K, reserved 1048576K
Event: 3.298 GC heap after
Heap after GC invocations=1 (full 0):
 PSYoungGen      total 18944K, used 2540K [0x00000000eab00000, 0x00000000ec000000, 0x0000000100000000)
  eden space 16384K, 0% used [0x00000000eab00000,0x00000000eab00000,0x00000000ebb00000)
  from space 2560K, 99% used [0x00000000ebb00000,0x00000000ebd7b040,0x00000000ebd80000)
  to   space 2560K, 0% used [0x00000000ebd80000,0x00000000ebd80000,0x00000000ec000000)
 ParOldGen       total 44032K, used 672K [0x00000000c0000000, 0x00000000c2b00000, 0x00000000eab00000)
  object space 44032K, 1% used [0x00000000c0000000,0x00000000c00a8110,0x00000000c2b00000)
 Metaspace       used 5931K, capacity 6200K, committed 6528K, reserved 1056768K
  class space    used 745K, capacity 792K, committed 896K, reserved 1048576K
}
Event: 15.270 GC heap before
{Heap before GC invocations=2 (full 0):
 PSYoungGen      total 18944K, used 18924K [0x00000000eab00000, 0x00000000ec000000, 0x0000000100000000)
  eden space 16384K, 100% used [0x00000000eab00000,0x00000000ebb00000,0x00000000ebb00000)
  from space 2560K, 99% used [0x00000000ebb00000,0x00000000ebd7b040,0x00000000ebd80000)
  to   space 2560K, 0% used [0x00000000ebd80000,0x00000000ebd80000,0x00000000ec000000)
 ParOldGen       total 44032K, used 672K [0x00000000c0000000, 0x00000000c2b00000, 0x00000000eab00000)
  object space 44032K, 1% used [0x00000000c0000000,0x00000000c00a8110,0x00000000c2b00000)
 Metaspace       used 6145K, capacity 6320K, committed 6528K, reserved 1056768K
  class space    used 767K, capacity 832K, committed 896K, reserved 1048576K
Event: 15.280 GC heap after
Heap after GC invocations=2 (full 0):
 PSYoungGen      total 18944K, used 2143K [0x00000000eab00000, 0x00000000ec000000, 0x0000000100000000)
  eden space 16384K, 0% used [0x00000000eab00000,0x00000000eab00000,0x00000000ebb00000)
  from space 2560K, 83% used [0x00000000ebd80000,0x00000000ebf97e10,0x00000000ec000000)
  to   space 2560K, 0% used [0x00000000ebb00000,0x00000000ebb00000,0x00000000ebd80000)
 ParOldGen       total 44032K, used 680K [0x00000000c0000000, 0x00000000c2b00000, 0x00000000eab00000)
  object space 44032K, 1% used [0x00000000c0000000,0x00000000c00aa110,0x00000000c2b00000)
 Metaspace       used 6145K, capacity 6320K, committed 6528K, reserved 1056768K
  class space    used 767K, capacity 832K, committed 896K, reserved 1048576K
}
Event: 36.236 GC heap before
{Heap before GC invocations=3 (full 0):
 PSYoungGen      total 18944K, used 18527K [0x00000000eab00000, 0x00000000ec000000, 0x0000000100000000)
  eden space 16384K, 100% used [0x00000000eab00000,0x00000000ebb00000,0x00000000ebb00000)
  from space 2560K, 83% used [0x00000000ebd80000,0x00000000ebf97e10,0x00000000ec000000)
  to   space 2560K, 0% used [0x00000000ebb00000,0x00000000ebb00000,0x00000000ebd80000)
 ParOldGen       total 44032K, used 680K [0x00000000c0000000, 0x00000000c2b00000, 0x00000000eab00000)
  object space 44032K, 1% used [0x00000000c0000000,0x00000000c00aa110,0x00000000c2b00000)
 Metaspace       used 10449K, capacity 10820K, committed 11008K, reserved 1058816K
  class space    used 1322K, capacity 1436K, committed 1536K, reserved 1048576K
Event: 36.243 GC heap after
Heap after GC invocations=3 (full 0):
 PSYoungGen      total 18944K, used 2544K [0x00000000eab00000, 0x00000000ec000000, 0x0000000100000000)
  eden space 16384K, 0% used [0x00000000eab00000,0x00000000eab00000,0x00000000ebb00000)
  from space 2560K, 99% used [0x00000000ebb00000,0x00000000ebd7c010,0x00000000ebd80000)
  to   space 2560K, 0% used [0x00000000ebd80000,0x00000000ebd80000,0x00000000ec000000)
 ParOldGen       total 44032K, used 2087K [0x00000000c0000000, 0x00000000c2b00000, 0x00000000eab00000)
  object space 44032K, 4% used [0x00000000c0000000,0x00000000c0209ed8,0x00000000c2b00000)
 Metaspace       used 10449K, capacity 10820K, committed 11008K, reserved 1058816K
  class space    used 1322K, capacity 1436K, committed 1536K, reserved 1048576K
}
Event: 37.408 GC heap before
{Heap before GC invocations=4 (full 0):
 PSYoungGen      total 18944K, used 18928K [0x00000000eab00000, 0x00000000ec000000, 0x0000000100000000)
  eden space 16384K, 100% used [0x00000000eab00000,0x00000000ebb00000,0x00000000ebb00000)
  from space 2560K, 99% used [0x00000000ebb00000,0x00000000ebd7c010,0x00000000ebd80000)
  to   space 2560K, 0% used [0x00000000ebd80000,0x00000000ebd80000,0x00000000ec000000)
 ParOldGen       total 44032K, used 2087K [0x00000000c0000000, 0x00000000c2b00000, 0x00000000eab00000)
  object space 44032K, 4% used [0x00000000c0000000,0x00000000c0209ed8,0x00000000c2b00000)
 Metaspace       used 12349K, capacity 12702K, committed 12800K, reserved 1060864K
  class space    used 1649K, capacity 1783K, committed 1792K, reserved 1048576K
Event: 37.413 GC heap after
Heap after GC invocations=4 (full 0):
 PSYoungGen      total 18944K, used 2560K [0x00000000eab00000, 0x00000000ec000000, 0x0000000100000000)
  eden space 16384K, 0% used [0x00000000eab00000,0x00000000eab00000,0x00000000ebb00000)
  from space 2560K, 100% used [0x00000000ebd80000,0x00000000ec000000,0x00000000ec000000)
  to   space 2560K, 0% used [0x00000000ebb00000,0x00000000ebb00000,0x00000000ebd80000)
 ParOldGen       total 44032K, used 4010K [0x00000000c0000000, 0x00000000c2b00000, 0x00000000eab00000)
  object space 44032K, 9% used [0x00000000c0000000,0x00000000c03ea9a8,0x00000000c2b00000)
 Metaspace       used 12349K, capacity 12702K, committed 12800K, reserved 1060864K
  class space    used 1649K, capacity 1783K, committed 1792K, reserved 1048576K
}
Event: 39.271 GC heap before
{Heap before GC invocations=5 (full 0):
 PSYoungGen      total 18944K, used 18944K [0x00000000eab00000, 0x00000000ec000000, 0x0000000100000000)
  eden space 16384K, 100% used [0x00000000eab00000,0x00000000ebb00000,0x00000000ebb00000)
  from space 2560K, 100% used [0x00000000ebd80000,0x00000000ec000000,0x00000000ec000000)
  to   space 2560K, 0% used [0x00000000ebb00000,0x00000000ebb00000,0x00000000ebd80000)
 ParOldGen       total 44032K, used 4010K [0x00000000c0000000, 0x00000000c2b00000, 0x00000000eab00000)
  object space 44032K, 9% used [0x00000000c0000000,0x00000000c03ea9a8,0x00000000c2b00000)
 Metaspace       used 16475K, capacity 16830K, committed 16896K, reserved 1064960K
  class space    used 2139K, capacity 2263K, committed 2304K, reserved 1048576K
Event: 39.280 GC heap after
Heap after GC invocations=5 (full 0):
 PSYoungGen      total 18944K, used 2549K [0x00000000eab00000, 0x00000000ec900000, 0x0000000100000000)
  eden space 16384K, 0% used [0x00000000eab00000,0x00000000eab00000,0x00000000ebb00000)
  from space 2560K, 99% used [0x00000000ebb00000,0x00000000ebd7d400,0x00000000ebd80000)
  to   space 7168K, 0% used [0x00000000ec200000,0x00000000ec200000,0x00000000ec900000)
 ParOldGen       total 44032K, used 7777K [0x00000000c0000000, 0x00000000c2b00000, 0x00000000eab00000)
  object space 44032K, 17% used [0x00000000c0000000,0x00000000c0798748,0x00000000c2b00000)
 Metaspace       used 16475K, capacity 16830K, committed 16896K, reserved 1064960K
  class space    used 2139K, capacity 2263K, committed 2304K, reserved 1048576K
}

Deoptimization events (10 events):
Event: 21.675 Thread 0x00000000017ae000 Uncommon trap: reason=bimorphic action=maybe_recompile pc=0x000000000338a460 method=java.util.regex.Pattern$Slice.match(Ljava/util/regex/Matcher;ILjava/lang/CharSequence;)Z @ 75
Event: 25.568 Thread 0x00000000017ae000 Uncommon trap: reason=class_check action=maybe_recompile pc=0x000000000338a39c method=java.util.regex.Matcher.match(II)Z @ 86
Event: 33.142 Thread 0x00000000017ae000 Uncommon trap: reason=unstable_if action=reinterpret pc=0x00000000033e6cc8 method=java.util.HashMap.getNode(ILjava/lang/Object;)Ljava/util/HashMap$Node; @ 129
Event: 33.142 Thread 0x00000000017ae000 Uncommon trap: reason=bimorphic action=maybe_recompile pc=0x00000000034318c0 method=java.util.HashMap.putVal(ILjava/lang/Object;Ljava/lang/Object;ZZ)Ljava/lang/Object; @ 203
Event: 33.866 Thread 0x00000000017ae000 Uncommon trap: reason=unstable_if action=reinterpret pc=0x00000000033f0690 method=java.io.WinNTFileSystem.normalize(Ljava/lang/String;II)Ljava/lang/String; @ 90
Event: 34.498 Thread 0x00000000017ae000 Uncommon trap: reason=unstable_if action=reinterpret pc=0x000000000344cb14 method=java.lang.String.substring(I)Ljava/lang/String; @ 35
Event: 36.665 Thread 0x0000000018742000 Uncommon trap: reason=bimorphic action=maybe_recompile pc=0x0000000003431284 method=java.util.HashMap.putVal(ILjava/lang/Object;Ljava/lang/Object;ZZ)Ljava/lang/Object; @ 253
Event: 36.666 Thread 0x0000000018742000 Uncommon trap: reason=bimorphic action=maybe_recompile pc=0x0000000003431284 method=java.util.HashMap.putVal(ILjava/lang/Object;Ljava/lang/Object;ZZ)Ljava/lang/Object; @ 253
Event: 36.666 Thread 0x0000000018742000 Uncommon trap: reason=bimorphic action=maybe_recompile pc=0x00000000033b44b0 method=java.util.HashMap.putVal(ILjava/lang/Object;Ljava/lang/Object;ZZ)Ljava/lang/Object; @ 91
Event: 37.550 Thread 0x0000000018742000 Uncommon trap: reason=unstable_if action=reinterpret pc=0x000000000329ea48 method=java.net.URI.match(CJJ)Z @ 19

Internal exceptions (10 events):
Event: 39.105 Thread 0x0000000018742000 Exception <a 'java/lang/ClassNotFoundException': groovy/lang/ExpandoMetaClassBeanInfo> (0x00000000eb87a748) thrown at [C:\src\android\AOSP-openjdk\external\jetbrains\jdk\hotspot\src\share\vm\classfile\systemDictionary.cpp, line 210]
Event: 39.105 Thread 0x0000000018742000 Exception <a 'java/lang/ClassNotFoundException': groovy/lang/MetaClassImplBeanInfo> (0x00000000eb8853e0) thrown at [C:\src\android\AOSP-openjdk\external\jetbrains\jdk\hotspot\src\share\vm\classfile\systemDictionary.cpp, line 210]
Event: 39.105 Thread 0x0000000018742000 Exception <a 'java/lang/ClassNotFoundException': java/lang/ObjectBeanInfo> (0x00000000eb88a368) thrown at [C:\src\android\AOSP-openjdk\external\jetbrains\jdk\hotspot\src\share\vm\classfile\systemDictionary.cpp, line 210]
Event: 39.106 Thread 0x0000000018742000 Exception <a 'java/lang/ClassNotFoundException': java/lang/ObjectCustomizer> (0x00000000eb88f438) thrown at [C:\src\android\AOSP-openjdk\external\jetbrains\jdk\hotspot\src\share\vm\classfile\systemDictionary.cpp, line 210]
Event: 39.116 Thread 0x0000000018742000 Exception <a 'java/lang/ClassNotFoundException': groovy/lang/MetaClassImplCustomizer> (0x00000000eb8a1e88) thrown at [C:\src\android\AOSP-openjdk\external\jetbrains\jdk\hotspot\src\share\vm\classfile\systemDictionary.cpp, line 210]
Event: 39.121 Thread 0x0000000018742000 Exception <a 'java/lang/ClassNotFoundException': groovy/lang/ExpandoMetaClassCustomizer> (0x00000000eb8d5ca0) thrown at [C:\src\android\AOSP-openjdk\external\jetbrains\jdk\hotspot\src\share\vm\classfile\systemDictionary.cpp, line 210]
Event: 39.145 Thread 0x0000000018742000 Exception <a 'java/lang/ClassNotFoundException': org/gradle/api/internal/plugins/DefaultExtraPropertiesExtensionBeanInfo> (0x00000000eb956620) thrown at [C:\src\android\AOSP-openjdk\external\jetbrains\jdk\hotspot\src\share\vm\classfile\systemDictionary.cppÕsÜìíC@
Event: 39.145 Thread 0x0000000018742000 Exception <a 'java/lang/ClassNotFoundException': groovy/lang/GroovyObjectSupportBeanInfo> (0x00000000eb962488) thrown at [C:\src\android\AOSP-openjdk\external\jetbrains\jdk\hotspot\src\share\vm\classfile\systemDictionary.cpp, line 210]
Event: 39.146 Thread 0x0000000018742000 Exception <a 'java/lang/ClassNotFoundException': groovy/lang/GroovyObjectSupportCustomizer> (0x00000000eb96e648) thrown at [C:\src\android\AOSP-openjdk\external\jetbrains\jdk\hotspot\src\share\vm\classfile\systemDictionary.cpp, line 210]
Event: 39.147 Thread 0x0000000018742000 Exception <a 'java/lang/ClassNotFoundException': org/gradle/api/internal/plugins/DefaultExtraPropertiesExtensionCustomizer> (0x00000000eb984a78) thrown at [C:\src\android\AOSP-openjdk\external\jetbrains\jdk\hotspot\src\share\vm\classfile\systemDictionary.cÉÌ‰ÍhçC@

Events (10 events):
Event: 39.435 loading class java/util/concurrent/ConcurrentLinkedQueue$Node
Event: 39.451 loading class java/util/concurrent/ConcurrentLinkedQueue$Node done
Event: 39.452 loading class com/google/common/cache/LocalCache$AccessQueue$1
Event: 39.452 loading class com/google/common/cache/LocalCache$AccessQueue$1 done
Event: 39.452 loading class com/google/common/cache/LocalCache$AbstractReferenceEntry
Event: 39.452 loading class com/google/common/cache/LocalCache$AbstractReferenceEntry done
Event: 39.453 loading class org/gradle/internal/service/scopes/BuildScopeServices$2
Event: 39.453 loading class org/gradle/internal/service/scopes/BuildScopeServices$2 done
Event: 39.453 loading class org/gradle/groovy/scripts/internal/CompiledScript
Event: 39.453 loading class org/gradle/groovy/scripts/internal/CompiledScript done


Dynamic libraries:
0x00007ff6907f0000 - 0x00007ff690821000 	C:\Program Files\Android\Android Studio\jre\bin\java.exe
0x00007fff3cc40000 - 0x00007fff3ce11000 	C:\WINDOWS\SYSTEM32\ntdll.dll
0x00007fff3cb90000 - 0x00007fff3cc3c000 	C:\WINDOWS\System32\KERNEL32.DLL
0x00007fff39cb0000 - 0x00007fff39ecd000 	C:\WINDOWS\System32\KERNELBASE.dll
0x00007fff3a8c0000 - 0x00007fff3a962000 	C:\WINDOWS\System32\ADVAPI32.dll
0x00007fff3c3a0000 - 0x00007fff3c43e000 	C:\WINDOWS\System32\msvcrt.dll
0x00007fff3c5b0000 - 0x00007fff3c609000 	C:\WINDOWS\System32\sechost.dll
0x00007fff3c100000 - 0x00007fff3c221000 	C:\WINDOWS\System32\RPCRT4.dll
0x00007fff3c230000 - 0x00007fff3c395000 	C:\WINDOWS\System32\USER32.dll
0x00007fff39400000 - 0x00007fff3941e000 	C:\WINDOWS\System32\win32u.dll
0x00007fff3c570000 - 0x00007fff3c5a4000 	C:\WINDOWS\System32\GDI32.dll
0x00007fff39fa0000 - 0x00007fff3a120000 	C:\WINDOWS\System32\gdi32full.dll
0x00007fff2ca30000 - 0x00007fff2ccaa000 	C:\WINDOWS\WinSxS\amd64_microsoft.windows.common-controls_6595b64144ccf1df_6.0.14393.953_none_42151e83c686086b\COMCTL32.dll
0x00007fff3a1d0000 - 0x00007fff3a498000 	C:\WINDOWS\System32\combase.dll
0x00007fff39420000 - 0x00007fff39515000 	C:\WINDOWS\System32\ucrtbase.dll
0x00007fff39f30000 - 0x00007fff39f9a000 	C:\WINDOWS\System32\bcryptPrimitives.dll
0x00007fff3cb60000 - 0x00007fff3cb8e000 	C:\WINDOWS\System32\IMM32.DLL
0x00000000655a0000 - 0x0000000065672000 	C:\Program Files\Android\Android Studio\jre\jre\bin\msvcr100.dll
0x0000000065680000 - 0x0000000065ebc000 	C:\Program Files\Android\Android Studio\jre\jre\bin\server\jvm.dll
0x00007fff3a5e0000 - 0x00007fff3a5e8000 	C:\WINDOWS\System32\PSAPI.DLL
0x00007fff37550000 - 0x00007fff37573000 	C:\WINDOWS\SYSTEM32\WINMM.dll
0x00007fff2c4d0000 - 0x00007fff2c4da000 	C:\WINDOWS\SYSTEM32\VERSION.dll
0x00007fff2e4d0000 - 0x00007fff2e4d9000 	C:\WINDOWS\SYSTEM32\WSOCK32.dll
0x00007fff3c4a0000 - 0x00007fff3c50a000 	C:\WINDOWS\System32\WS2_32.dll
0x00007fff374f0000 - 0x00007fff3751b000 	C:\WINDOWS\SYSTEM32\WINMMBASE.dll
0x00007fff393b0000 - 0x00007fff393f2000 	C:\WINDOWS\System32\cfgmgr32.dll
0x00007fff2ebe0000 - 0x00007fff2ebef000 	C:\Program Files\Android\Android Studio\jre\jre\bin\verify.dll
0x00007fff2e340000 - 0x00007fff2e369000 	C:\Program Files\Android\Android Studio\jre\jre\bin\java.dll
0x00007fff2e230000 - 0x00007fff2e246000 	C:\Program Files\Android\Android Studio\jre\jre\bin\zip.dll
0x00007fff3abf0000 - 0x00007fff3c0f8000 	C:\WINDOWS\System32\SHELL32.dll
0x00007fff39520000 - 0x00007fff39bfa000 	C:\WINDOWS\System32\windows.storage.dll
0x00007fff390d0000 - 0x00007fff3911c000 	C:\WINDOWS\System32\powrprof.dll
0x00007fff3c440000 - 0x00007fff3c492000 	C:\WINDOWS\System32\shlwapi.dll
0x00007fff39120000 - 0x00007fff3912f000 	C:\WINDOWS\System32\kernel.appcore.dll
0x00007fff3a120000 - 0x00007fff3a1c9000 	C:\WINDOWS\System32\shcore.dll
0x00007fff390b0000 - 0x00007fff390c4000 	C:\WINDOWS\System32\profapi.dll
0x00007fff2e210000 - 0x00007fff2e22a000 	C:\Program Files\Android\Android Studio\jre\jre\bin\net.dll
0x00007fff389e0000 - 0x00007fff38a3c000 	C:\WINDOWS\system32\mswsock.dll
0x00007fff2e1f0000 - 0x00007fff2e201000 	C:\Program Files\Android\Android Studio\jre\jre\bin\nio.dll
0x00007fff26bc0000 - 0x00007fff26bd2000 	C:\Users\Atichat007\.gradle\native\19\windows-amd64\native-platform.dll
0x00007fff38b80000 - 0x00007fff38b97000 	C:\WINDOWS\SYSTEM32\CRYPTSP.dll
0x00007fff385e0000 - 0x00007fff38613000 	C:\WINDOWS\system32\rsaenh.dll
0x00007fff38c90000 - 0x00007fff38cbb000 	C:\WINDOWS\SYSTEM32\bcrypt.dll
0x00007fff38860000 - 0x00007fff3887f000 	C:\WINDOWS\SYSTEM32\USERENV.dll
0x00007fff38ba0000 - 0x00007fff38bab000 	C:\WINDOWS\SYSTEM32\CRYPTBASE.dll
0x00007fff38760000 - 0x00007fff38798000 	C:\WINDOWS\SYSTEM32\IPHLPAPI.DLL
0x00007fff3a7b0000 - 0x00007fff3a7b8000 	C:\WINDOWS\System32\NSI.dll
0x00007fff33800000 - 0x00007fff33816000 	C:\WINDOWS\SYSTEM32\dhcpcsvc6.DLL
0x00007fff338b0000 - 0x00007fff338ca000 	C:\WINDOWS\SYSTEM32\dhcpcsvc.DLL
0x00007fff35d90000 - 0x00007fff35d9d000 	C:\Program Files\Android\Android Studio\jre\jre\bin\management.dll

VM Arguments:
jvm_args: -XX:MaxPermSize=256m -XX:+HeapDumpOnOutOfMemoryError -Xmx1024m -Dfile.encoding=x-windows-874 -Duser.country=GB -Duser.language=en -Duser.variant 
java_command: org.gradle.launcher.daemon.bootstrap.GradleDaemon 2.14.1
java_class_path (initial): C:\Users\Atichat007\.gradle\wrapper\dists\gradle-2.14.1-all\8bnwg5hd3w55iofp58khbp6yv\gradle-2.14.1\lib\gradle-launcher-2.14.1.jar
Launcher Type: SUN_STANDARD

Environment Variables:
JAVA_HOME=C:\Program Files\Java\jdk1.7.0_79
PATH=C:\Program Files\Java\jdk1.7.0_79\bin;C:\Program Files\nodejs\;C:\Program Files (x86)\GtkSharp\2.12\bin;C:\WINDOWS\system32;C:\WINDOWS;C:\WINDOWS\System32\Wbem;C:\WINDOWS\System32\WindowsPowerShell\v1.0\;C:\Program Files\Microsoft SQL Server\130\Tools\Binn\;C:\Program Files\Git\cmd;C:\Users\Atichat007\AppData\Roaming\npm;C:\Program Files (x86)\Microsoft VS Code\bin;C:\Program Files\Docker Toolbox;C:\Users\Atichat007\AppData\Local\Microsoft\WindowsApps
USERNAME=Atichat007
OS=Windows_NT
PROCESSOR_IDENTIFIER=Intel64 Family 6 Model 69 Stepping 1, GenuineIntel



---------------  S Y S T E M  ---------------

OS: Windows 10.0 , 64 bit Build 14393 (10.0.14393.1198)

CPU:total 4 (2 cores per cpu, 2 threads per core) family 6 model 69 stepping 1, cmov, cx8, fxsr, mmx, sse, sse2, sse3, ssse3, sse4.1, sse4.2, popcnt, avx, avx2, aes, clmul, erms, lzcnt, ht, tsc, tscinvbit, bmi1, bmi2

Memory: 4k page, physical 4083992k(702192k free), swap 7304372k(5648k free)

vm_info: OpenJDK 64-Bit Server VM (25.112-b06) for windows-amd64 JRE (1.8.0_112-release-b06), built on Dec  8 2016 00:54:26 by "builder" with MS VC++ 10.0 (VS2010)

time: Mon Jun 26 01:16:40 2017
elapsed time: 39 seconds (0d 0h 0m 39s)

